<?xml version="1.0" encoding="UTF-8"?>
<testsuite name="com.bridgelabz.QuantityTest" tests="19" skipped="0" failures="0" errors="0" timestamp="2020-04-29T02:21:27" hostname="DESKTOP-J547DO8" time="0.05">
  <properties/>
  <testcase name="given1FeetAnd1Yard_ShouldReturnNotEqual" classname="com.bridgelabz.QuantityTest" time="0.009"/>
  <testcase name="given0InchAnd0Inch_ShouldReturnEqual" classname="com.bridgelabz.QuantityTest" time="0.0"/>
  <testcase name="given0InchAnd1Inch_ShouldReturnNotEqual" classname="com.bridgelabz.QuantityTest" time="0.0"/>
  <testcase name="given0FeetAnd0Inch_ShouldReturnEqualLength" classname="com.bridgelabz.QuantityTest" time="0.001"/>
  <testcase name="given0FeetAnd0Inch_ShouldReturnNotEqualLength" classname="com.bridgelabz.QuantityTest" time="0.001"/>
  <testcase name="given1FeetAdd2Inch_ShouldReturn14Inch" classname="com.bridgelabz.QuantityTest" time="0.001"/>
  <testcase name="given1FeetAnd1Inch_ShouldReturnNotEquals" classname="com.bridgelabz.QuantityTest" time="0.0"/>
  <testcase name="given1GallonAnd3point78Liters_WhenCompare_ShouldReturnEqual" classname="com.bridgelabz.QuantityTest" time="0.001"/>
  <testcase name="given0FeetAnd0Feet_ShouldReturnEquals" classname="com.bridgelabz.QuantityTest" time="0.001"/>
  <testcase name="given1LitersAnd1000MiliLitter_WhenCompare_ShouldReturnEqual" classname="com.bridgelabz.QuantityTest" time="0.0"/>
  <testcase name="given2InchAdd2Point5Centimeter_ShouldReturn3Inch" classname="com.bridgelabz.QuantityTest" time="0.001"/>
  <testcase name="given2InchAdd2Inch_ShouldReturn4Inch" classname="com.bridgelabz.QuantityTest" time="0.001"/>
  <testcase name="given0FeetAnd1Feet_ShouldReturnNotEquals" classname="com.bridgelabz.QuantityTest" time="0.001"/>
  <testcase name="given1YardAnd36Inch_WhenCompare_ShouldReturnEqual" classname="com.bridgelabz.QuantityTest" time="0.0"/>
  <testcase name="given1InchAnd1Yard_WhenCompare_ShouldReturnNotEqual" classname="com.bridgelabz.QuantityTest" time="0.0"/>
  <testcase name="given1FeetAnd1Feet_WhenCompared_ShouldReturnEqualLength" classname="com.bridgelabz.QuantityTest" time="0.004"/>
  <testcase name="givenFeetAndFeet_ShouldReturnNull" classname="com.bridgelabz.QuantityTest" time="0.001"/>
  <testcase name="given2InchAnd5Centimeter_WhenCompare_ShouldReturnEqual" classname="com.bridgelabz.QuantityTest" time="0.001"/>
  <testcase name="given3FeetAnd1Yard_WhenCompared_ShouldReturnEqual" classname="com.bridgelabz.QuantityTest" time="0.001"/>
  <system-out><![CDATA[]]></system-out>
  <system-err><![CDATA[]]></system-err>
</testsuite>
