<?xml version="1.0" encoding="UTF-8"?>
<testsuite name="com.bridgelabz.QuantityTest" tests="1" skipped="0" failures="0" errors="0" timestamp="2020-04-28T21:14:49" hostname="DESKTOP-J547DO8" time="0.01">
  <properties/>
  <testcase name="given1YardAnd36Inch_WhenCompare_ShouldReturnEqual" classname="com.bridgelabz.QuantityTest" time="0.01"/>
  <system-out><![CDATA[]]></system-out>
  <system-err><![CDATA[]]></system-err>
</testsuite>
