<?xml version="1.0" encoding="UTF-8"?>
<testsuite name="com.bridgelabz.QuantityTest" tests="1" skipped="0" failures="0" errors="0" timestamp="2020-04-29T03:45:12" hostname="DESKTOP-J547DO8" time="0.013">
  <properties/>
  <testcase name="given1TonneAdding1000Grams_ShouldReturn1001Kilograms" classname="com.bridgelabz.QuantityTest" time="0.013"/>
  <system-out><![CDATA[]]></system-out>
  <system-err><![CDATA[]]></system-err>
</testsuite>
